<?xml version="1.0" encoding="UTF-8"?>
<testsuite name="com.example.MyActionsAppTest" tests="3" skipped="0" failures="0" errors="0" timestamp="2019-10-27T16:54:46" hostname="Ants-PC" time="0.376">
  <properties/>
  <testcase name="testWelcomeUsingMockRequestBuilder" classname="com.example.MyActionsAppTest" time="0.228"/>
  <testcase name="testBye" classname="com.example.MyActionsAppTest" time="0.002"/>
  <testcase name="testWelcomeUsingRawRequest" classname="com.example.MyActionsAppTest" time="0.146"/>
  <system-out><![CDATA[]]></system-out>
  <system-err><![CDATA[SLF4J: Failed to load class "org.slf4j.impl.StaticLoggerBinder".
SLF4J: Defaulting to no-operation (NOP) logger implementation
SLF4J: See http://www.slf4j.org/codes.html#StaticLoggerBinder for further details.
]]></system-err>
</testsuite>
